Arguments: 
  /home/joaopedro/.nvm/versions/node/v18.14.0/bin/node /usr/share/yarn/bin/yarn.js

PATH: 
  /home/joaopedro/.nvm/versions/node/v18.14.0/bin:/home/joaopedro/.cargo/bin:/usr/local/sbin:/usr/local/bin:/usr/sbin:/usr/bin:/sbin:/bin:/usr/games:/usr/local/games:/snap/bin:/snap/bin

Yarn version: 
  1.22.19

Node version: 
  18.14.0

Platform: 
  linux x64

Trace: 
  Error: ENOENT: no such file or directory, lstat '/home/joaopedro/.cache/yarn/v6/npm-@material-ui-icons-4.11.3-b0693709f9b161ce9ccde276a770d968484ecff1-integrity/node_modules/@material-ui/icons/ReceiptTwoTone.d.ts'

npm manifest: 
  {
    "name": "auth",
    "version": "1.0.0",
    "scripts": {
      "dev": "webpack serve --config config/webpack.dev.js",
      "prod": "webpack --config config/webpack.prod.js"
    },
    "dependencies": {
      "@material-ui/core": "^4.11.0",
      "@material-ui/icons": "^4.9.1",
      "react": "^17.0.1",
      "react-dom": "^17.0.1",
      "react-router-dom": "^5.2.0"
    },
    "devDependencies": {
      "@babel/core": "^7.12.3",
      "@babel/plugin-transform-runtime": "^7.12.1",
      "@babel/preset-env": "^7.12.1",
      "@babel/preset-react": "^7.12.1",
      "babel-loader": "^8.1.0",
      "clean-webpack-plugin": "^3.0.0",
      "css-loader": "^5.0.0",
      "html-webpack-plugin": "^4.5.0",
      "style-loader": "^2.0.0",
      "webpack": "^5.4.0",
      "webpack-cli": "^4.1.0",
      "webpack-dev-server": "^3.11.0",
      "webpack-merge": "^5.2.0"
    }
  }

yarn manifest: 
  No manifest

Lockfile: 
  No lockfile
